<?xml version="1.0" encoding="UTF-8"?>
<testsuites>
  <testsuite name="CodeIgniter Application Test Suite" tests="23" assertions="51" errors="0" failures="1" skipped="0" time="11.091006">
    <testsuite name="Welcome_test" file="/home/vagrant/code/demo/php/ci3_with_phpunit/application/tests/controllers/Welcome_test.php" tests="3" assertions="3" errors="0" failures="0" skipped="0" time="0.456720">
      <testcase name="test_index" class="Welcome_test" classname="Welcome_test" file="/home/vagrant/code/demo/php/ci3_with_phpunit/application/tests/controllers/Welcome_test.php" line="13" assertions="1" time="0.233597"/>
      <testcase name="test_method_404" class="Welcome_test" classname="Welcome_test" file="/home/vagrant/code/demo/php/ci3_with_phpunit/application/tests/controllers/Welcome_test.php" line="19" assertions="1" time="0.209872"/>
      <testcase name="test_APPPATH" class="Welcome_test" classname="Welcome_test" file="/home/vagrant/code/demo/php/ci3_with_phpunit/application/tests/controllers/Welcome_test.php" line="25" assertions="1" time="0.013251"/>
    </testsuite>
    <testsuite name="Mahasiswa_addMahasiswa_test" file="/home/vagrant/code/demo/php/ci3_with_phpunit/application/tests/controllers/mahasiswa/Mahasiswa_addMahasiswa_test.php" tests="9" assertions="29" errors="0" failures="0" skipped="0" time="3.039362">
      <testcase name="setUpBeforeClass" class="Mahasiswa_addMahasiswa_test" classname="Mahasiswa_addMahasiswa_test" file="/home/vagrant/code/demo/php/ci3_with_phpunit/application/tests/controllers/mahasiswa/Mahasiswa_addMahasiswa_test.php" line="12" assertions="2" time="0.272593"/>
      <testcase name="setUp" class="Mahasiswa_addMahasiswa_test" classname="Mahasiswa_addMahasiswa_test" file="/home/vagrant/code/demo/php/ci3_with_phpunit/application/tests/controllers/mahasiswa/Mahasiswa_addMahasiswa_test.php" line="25" assertions="2" time="0.009280"/>
      <testcase name="it_should_return_400_with_http_method_get" class="Mahasiswa_addMahasiswa_test" classname="Mahasiswa_addMahasiswa_test" file="/home/vagrant/code/demo/php/ci3_with_phpunit/application/tests/controllers/mahasiswa/Mahasiswa_addMahasiswa_test.php" line="50" assertions="4" time="0.458931"/>
      <testcase name="it_should_return_400_if_name_empty" class="Mahasiswa_addMahasiswa_test" classname="Mahasiswa_addMahasiswa_test" file="/home/vagrant/code/demo/php/ci3_with_phpunit/application/tests/controllers/mahasiswa/Mahasiswa_addMahasiswa_test.php" line="67" assertions="4" time="0.434566"/>
      <testcase name="it_should_return_400_if_name_empty_2" class="Mahasiswa_addMahasiswa_test" classname="Mahasiswa_addMahasiswa_test" file="/home/vagrant/code/demo/php/ci3_with_phpunit/application/tests/controllers/mahasiswa/Mahasiswa_addMahasiswa_test.php" line="80" assertions="2" time="0.419275"/>
      <testcase name="it_should_return_400_if_name_less_than_minimum_chars" class="Mahasiswa_addMahasiswa_test" classname="Mahasiswa_addMahasiswa_test" file="/home/vagrant/code/demo/php/ci3_with_phpunit/application/tests/controllers/mahasiswa/Mahasiswa_addMahasiswa_test.php" line="99" assertions="4" time="0.443328"/>
      <testcase name="it_should_return_400_if_name_more_than_maximum_chars" class="Mahasiswa_addMahasiswa_test" classname="Mahasiswa_addMahasiswa_test" file="/home/vagrant/code/demo/php/ci3_with_phpunit/application/tests/controllers/mahasiswa/Mahasiswa_addMahasiswa_test.php" line="112" assertions="4" time="0.437879"/>
      <testcase name="it_should_return_201_if_success_add_mahasiswa" class="Mahasiswa_addMahasiswa_test" classname="Mahasiswa_addMahasiswa_test" file="/home/vagrant/code/demo/php/ci3_with_phpunit/application/tests/controllers/mahasiswa/Mahasiswa_addMahasiswa_test.php" line="125" assertions="5" time="0.501383"/>
      <testcase name="tearDownAfterClass" class="Mahasiswa_addMahasiswa_test" classname="Mahasiswa_addMahasiswa_test" file="/home/vagrant/code/demo/php/ci3_with_phpunit/application/tests/controllers/mahasiswa/Mahasiswa_addMahasiswa_test.php" line="142" assertions="2" time="0.062127"/>
    </testsuite>
    <testsuite name="Mahasiswa_exit_test" file="/home/vagrant/code/demo/php/ci3_with_phpunit/application/tests/controllers/mahasiswa/Mahasiswa_exit_test.php" tests="1" assertions="1" errors="0" failures="0" skipped="0" time="0.359645">
      <testcase name="it_should_return_200" class="Mahasiswa_exit_test" classname="Mahasiswa_exit_test" file="/home/vagrant/code/demo/php/ci3_with_phpunit/application/tests/controllers/mahasiswa/Mahasiswa_exit_test.php" line="7" assertions="1" time="0.359645"/>
    </testsuite>
    <testsuite name="Mahasiswa_index" file="/home/vagrant/code/demo/php/ci3_with_phpunit/application/tests/controllers/mahasiswa/Mahasiswa_index_test.php" tests="6" assertions="11" errors="0" failures="0" skipped="0" time="3.489976">
      <testcase name="setUpBeforeClass" class="Mahasiswa_index" classname="Mahasiswa_index" file="/home/vagrant/code/demo/php/ci3_with_phpunit/application/tests/controllers/mahasiswa/Mahasiswa_index_test.php" line="12" assertions="2" time="0.721044"/>
      <testcase name="setUp" class="Mahasiswa_index" classname="Mahasiswa_index" file="/home/vagrant/code/demo/php/ci3_with_phpunit/application/tests/controllers/mahasiswa/Mahasiswa_index_test.php" line="25" assertions="2" time="0.848420"/>
      <testcase name="tearDown" class="Mahasiswa_index" classname="Mahasiswa_index" file="/home/vagrant/code/demo/php/ci3_with_phpunit/application/tests/controllers/mahasiswa/Mahasiswa_index_test.php" line="39" assertions="1" time="0.414821"/>
      <testcase name="it_should_return_404" class="Mahasiswa_index" classname="Mahasiswa_index" file="/home/vagrant/code/demo/php/ci3_with_phpunit/application/tests/controllers/mahasiswa/Mahasiswa_index_test.php" line="47" assertions="2" time="0.617635"/>
      <testcase name="it_should_return_object" class="Mahasiswa_index" classname="Mahasiswa_index" file="/home/vagrant/code/demo/php/ci3_with_phpunit/application/tests/controllers/mahasiswa/Mahasiswa_index_test.php" line="57" assertions="2" time="0.408628"/>
      <testcase name="tearDownAfterClass" class="Mahasiswa_index" classname="Mahasiswa_index" file="/home/vagrant/code/demo/php/ci3_with_phpunit/application/tests/controllers/mahasiswa/Mahasiswa_index_test.php" line="83" assertions="2" time="0.479428"/>
    </testsuite>
    <testsuite name="M_mahasiswa_test" file="/home/vagrant/code/demo/php/ci3_with_phpunit/application/tests/models/M_mahasiswa_test.php" tests="4" assertions="7" errors="0" failures="1" skipped="0" time="3.745303">
      <testcase name="setUpBeforeClass" class="M_mahasiswa_test" classname="M_mahasiswa_test" file="/home/vagrant/code/demo/php/ci3_with_phpunit/application/tests/models/M_mahasiswa_test.php" line="11" assertions="2" time="0.540614"/>
      <testcase name="setUp" class="M_mahasiswa_test" classname="M_mahasiswa_test" file="/home/vagrant/code/demo/php/ci3_with_phpunit/application/tests/models/M_mahasiswa_test.php" line="24" assertions="2" time="0.502017"/>
      <testcase name="tearDown" class="M_mahasiswa_test" classname="M_mahasiswa_test" file="/home/vagrant/code/demo/php/ci3_with_phpunit/application/tests/models/M_mahasiswa_test.php" line="42" assertions="1" time="0.257824"/>
      <testcase name="fetchAll" class="M_mahasiswa_test" classname="M_mahasiswa_test" file="/home/vagrant/code/demo/php/ci3_with_phpunit/application/tests/models/M_mahasiswa_test.php" line="49" assertions="2" time="2.444848">
        <failure type="PHPUnit\Framework\ExpectationFailedException">M_mahasiswa_test::fetchAll
Failed asserting that 0 matches expected 3.

/home/vagrant/code/demo/php/ci3_with_phpunit/application/tests/models/M_mahasiswa_test.php:56
</failure>
        <system-out>
A PHP Error was encountered

Severity:    Notice
Message:     Use of undefined constant PHP_EOF - assumed 'PHP_EOF'
Filename:    /home/vagrant/code/demo/php/ci3_with_phpunit/application/tests/models/M_mahasiswa_test.php
Line Number: 51

Backtrace:
	File: /home/vagrant/code/demo/php/ci3_with_phpunit/application/tests/models/M_mahasiswa_test.php
	Line: 51
	Function: _error_handler

	File: /home/vagrant/code/demo/php/ci3_with_phpunit/vendor/phpunit/phpunit/src/Framework/TestCase.php
	Line: 1071
	Function: invokeArgs

	File: /home/vagrant/code/demo/php/ci3_with_phpunit/vendor/phpunit/phpunit/src/Framework/TestCase.php
	Line: 939
	Function: runTest

	File: /home/vagrant/code/demo/php/ci3_with_phpunit/vendor/phpunit/phpunit/src/Framework/TestResult.php
	Line: 698
	Function: runBare

	File: /home/vagrant/code/demo/php/ci3_with_phpunit/vendor/phpunit/phpunit/src/Framework/TestCase.php
	Line: 894
	Function: run

	File: /home/vagrant/code/demo/php/ci3_with_phpunit/vendor/phpunit/phpunit/src/Framework/TestSuite.php
	Line: 755
	Function: run

	File: /home/vagrant/code/demo/php/ci3_with_phpunit/vendor/phpunit/phpunit/src/Framework/TestSuite.php
	Line: 755
	Function: run

	File: /home/vagrant/code/demo/php/ci3_with_phpunit/vendor/phpunit/phpunit/src/TextUI/TestRunner.php
	Line: 545
	Function: run

	File: /home/vagrant/code/demo/php/ci3_with_phpunit/vendor/phpunit/phpunit/src/TextUI/Command.php
	Line: 195
	Function: doRun

	File: /home/vagrant/code/demo/php/ci3_with_phpunit/vendor/phpunit/phpunit/src/TextUI/Command.php
	Line: 148
	Function: run

	File: /home/vagrant/code/demo/php/ci3_with_phpunit/vendor/phpunit/phpunit/phpunit
	Line: 53
	Function: main


Count Expected: 3PHP_EOF3Array
(
    [0] =&gt; stdClass Object
        (
            [id] =&gt; 1
            [name] =&gt; Mifta
            [created_at] =&gt; 2020-08-31 12:04:10
        )

    [1] =&gt; stdClass Object
        (
            [id] =&gt; 2
            [name] =&gt; Yahya
            [created_at] =&gt; 2020-08-31 12:04:10
        )

    [2] =&gt; stdClass Object
        (
            [id] =&gt; 3
            [name] =&gt; Raina
            [created_at] =&gt; 2020-08-31 12:04:10
        )

)
</system-out>
      </testcase>
    </testsuite>
  </testsuite>
</testsuites>
