<?xml version="1.0" encoding="UTF-8"?>
<testsuites>
  <testsuite name="CodeIgniter Application Test Suite" tests="12" assertions="26" errors="0" failures="0" skipped="0" time="0.266627">
    <testsuite name="Welcome_test" file="/home/vagrant/code/demo/php/ci3_with_phpunit/application/tests/controllers/Welcome_test.php" tests="3" assertions="3" errors="0" failures="0" skipped="0" time="0.065457">
      <testcase name="test_index" class="Welcome_test" classname="Welcome_test" file="/home/vagrant/code/demo/php/ci3_with_phpunit/application/tests/controllers/Welcome_test.php" line="13" assertions="1" time="0.045867"/>
      <testcase name="test_method_404" class="Welcome_test" classname="Welcome_test" file="/home/vagrant/code/demo/php/ci3_with_phpunit/application/tests/controllers/Welcome_test.php" line="19" assertions="1" time="0.015634"/>
      <testcase name="test_APPPATH" class="Welcome_test" classname="Welcome_test" file="/home/vagrant/code/demo/php/ci3_with_phpunit/application/tests/controllers/Welcome_test.php" line="25" assertions="1" time="0.003956"/>
    </testsuite>
    <testsuite name="Mahasiswa_addMahasiswa_test" file="/home/vagrant/code/demo/php/ci3_with_phpunit/application/tests/controllers/mahasiswa/Mahasiswa_addMahasiswa_test.php" tests="6" assertions="17" errors="0" failures="0" skipped="0" time="0.132802">
      <testcase name="it_should_return_400_with_http_method_get" class="Mahasiswa_addMahasiswa_test" classname="Mahasiswa_addMahasiswa_test" file="/home/vagrant/code/demo/php/ci3_with_phpunit/application/tests/controllers/mahasiswa/Mahasiswa_addMahasiswa_test.php" line="48" assertions="3" time="0.026314"/>
      <testcase name="it_should_return_400_if_name_empty" class="Mahasiswa_addMahasiswa_test" classname="Mahasiswa_addMahasiswa_test" file="/home/vagrant/code/demo/php/ci3_with_phpunit/application/tests/controllers/mahasiswa/Mahasiswa_addMahasiswa_test.php" line="60" assertions="3" time="0.022831"/>
      <testcase name="it_should_return_400_if_name_empty_2" class="Mahasiswa_addMahasiswa_test" classname="Mahasiswa_addMahasiswa_test" file="/home/vagrant/code/demo/php/ci3_with_phpunit/application/tests/controllers/mahasiswa/Mahasiswa_addMahasiswa_test.php" line="73" assertions="1" time="0.019535"/>
      <testcase name="it_should_return_400_if_name_less_than_minimum_chars" class="Mahasiswa_addMahasiswa_test" classname="Mahasiswa_addMahasiswa_test" file="/home/vagrant/code/demo/php/ci3_with_phpunit/application/tests/controllers/mahasiswa/Mahasiswa_addMahasiswa_test.php" line="92" assertions="3" time="0.019927"/>
      <testcase name="it_should_return_400_if_name_more_than_maximum_chars" class="Mahasiswa_addMahasiswa_test" classname="Mahasiswa_addMahasiswa_test" file="/home/vagrant/code/demo/php/ci3_with_phpunit/application/tests/controllers/mahasiswa/Mahasiswa_addMahasiswa_test.php" line="105" assertions="3" time="0.020345"/>
      <testcase name="it_should_return_201_if_success_add_mahasiswa" class="Mahasiswa_addMahasiswa_test" classname="Mahasiswa_addMahasiswa_test" file="/home/vagrant/code/demo/php/ci3_with_phpunit/application/tests/controllers/mahasiswa/Mahasiswa_addMahasiswa_test.php" line="118" assertions="4" time="0.023850"/>
    </testsuite>
    <testsuite name="Mahasiswa_index_test" file="/home/vagrant/code/demo/php/ci3_with_phpunit/application/tests/controllers/mahasiswa/Mahasiswa_index_test.php" tests="3" assertions="6" errors="0" failures="0" skipped="0" time="0.068368">
      <testcase name="it_should_return_404" class="Mahasiswa_index_test" classname="Mahasiswa_index_test" file="/home/vagrant/code/demo/php/ci3_with_phpunit/application/tests/controllers/mahasiswa/Mahasiswa_index_test.php" line="45" assertions="1" time="0.031547"/>
      <testcase name="it_should_return_object" class="Mahasiswa_index_test" classname="Mahasiswa_index_test" file="/home/vagrant/code/demo/php/ci3_with_phpunit/application/tests/controllers/mahasiswa/Mahasiswa_index_test.php" line="55" assertions="1" time="0.017801"/>
      <testcase name="it_should_return_data_mahasiswa" class="Mahasiswa_index_test" classname="Mahasiswa_index_test" file="/home/vagrant/code/demo/php/ci3_with_phpunit/application/tests/controllers/mahasiswa/Mahasiswa_index_test.php" line="63" assertions="4" time="0.019020"/>
    </testsuite>
  </testsuite>
</testsuites>
